Using pre-set license
Built from '2022.3/release' branch; Version is '2022.3.18f1 (d29bea25151d) revision 13802474'; Using compiler version '192829333'; Build Type 'Release'
OS: 'Windows 10  (10.0.19045) 64bit Professional' Language: 'en' Physical Memory: 15628 MB
BatchMode: 1, IsHumanControllingUs: 0, StartBugReporterOnCrash: 0, Is64bit: 1, IsPro: 1

COMMAND LINE ARGUMENTS:
C:\Program Files\Unity\Hub\Editor\2022.3.18f1\Editor\Unity.exe
-adb2
-batchMode
-noUpm
-name
AssetImportWorker2
-projectPath
C:/Users/Poma/OneDrive - MMU/Desktop/Mini-Jam
-logFile
Logs/AssetImportWorker2.log
-srvPort
52624
Successfully changed project path to: C:/Users/Poma/OneDrive - MMU/Desktop/Mini-Jam
C:/Users/Poma/OneDrive - MMU/Desktop/Mini-Jam
[UnityMemory] Configuration Parameters - Can be set up in boot.config
    "memorysetup-bucket-allocator-granularity=16"
    "memorysetup-bucket-allocator-bucket-count=8"
    "memorysetup-bucket-allocator-block-size=33554432"
    "memorysetup-bucket-allocator-block-count=8"
    "memorysetup-main-allocator-block-size=16777216"
    "memorysetup-thread-allocator-block-size=16777216"
    "memorysetup-gfx-main-allocator-block-size=16777216"
    "memorysetup-gfx-thread-allocator-block-size=16777216"
    "memorysetup-cache-allocator-block-size=4194304"
    "memorysetup-typetree-allocator-block-size=2097152"
    "memorysetup-profiler-bucket-allocator-granularity=16"
    "memorysetup-profiler-bucket-allocator-bucket-count=8"
    "memorysetup-profiler-bucket-allocator-block-size=33554432"
    "memorysetup-profiler-bucket-allocator-block-count=8"
    "memorysetup-profiler-allocator-block-size=16777216"
    "memorysetup-profiler-editor-allocator-block-size=1048576"
    "memorysetup-temp-allocator-size-main=16777216"
    "memorysetup-job-temp-allocator-block-size=2097152"
    "memorysetup-job-temp-allocator-block-size-background=1048576"
    "memorysetup-job-temp-allocator-reduction-small-platforms=262144"
    "memorysetup-allocator-temp-initial-block-size-main=262144"
    "memorysetup-allocator-temp-initial-block-size-worker=262144"
    "memorysetup-temp-allocator-size-background-worker=32768"
    "memorysetup-temp-allocator-size-job-worker=262144"
    "memorysetup-temp-allocator-size-preload-manager=33554432"
    "memorysetup-temp-allocator-size-nav-mesh-worker=65536"
    "memorysetup-temp-allocator-size-audio-worker=65536"
    "memorysetup-temp-allocator-size-cloud-worker=32768"
    "memorysetup-temp-allocator-size-gi-baking-worker=262144"
    "memorysetup-temp-allocator-size-gfx=262144"
Player connection [22200] Host "[IP] 192.168.0.36 [Port] 0 [Flags] 2 [Guid] 2707822409 [EditorId] 2707822409 [Version] 1048832 [Id] WindowsEditor(7,DESKTOP-V1EACI4) [Debug] 1 [PackageName] WindowsEditor [ProjectName] Editor" joined multi-casting on [225.0.0.222:54997]...

Player connection [22200] Host "[IP] 192.168.0.36 [Port] 0 [Flags] 2 [Guid] 2707822409 [EditorId] 2707822409 [Version] 1048832 [Id] WindowsEditor(7,DESKTOP-V1EACI4) [Debug] 1 [PackageName] WindowsEditor [ProjectName] Editor" joined alternative multi-casting on [225.0.0.222:34997]...

[Physics::Module] Initialized MultithreadedJobDispatcher with 15 workers.
Refreshing native plugins compatible for Editor in 258.52 ms, found 4 plugins.
Preloading 0 native plugins for Editor in 0.00 ms.
Initialize engine version: 2022.3.18f1 (d29bea25151d)
[Subsystems] Discovering subsystems at path C:/Program Files/Unity/Hub/Editor/2022.3.18f1/Editor/Data/Resources/UnitySubsystems
[Subsystems] Discovering subsystems at path C:/Users/Poma/OneDrive - MMU/Desktop/Mini-Jam/Assets
GfxDevice: creating device client; threaded=0; jobified=0
Direct3D:
    Version:  Direct3D 11.0 [level 11.1]
    Renderer: NVIDIA GeForce RTX 3050 Laptop GPU (ID=0x25a2)
    Vendor:   NVIDIA
    VRAM:     3977 MB
    Driver:   31.0.15.4633
Initialize mono
Mono path[0] = 'C:/Program Files/Unity/Hub/Editor/2022.3.18f1/Editor/Data/Managed'
Mono path[1] = 'C:/Program Files/Unity/Hub/Editor/2022.3.18f1/Editor/Data/MonoBleedingEdge/lib/mono/unityjit-win32'
Mono config path = 'C:/Program Files/Unity/Hub/Editor/2022.3.18f1/Editor/Data/MonoBleedingEdge/etc'
Using monoOptions --debugger-agent=transport=dt_socket,embedding=1,server=y,suspend=n,address=127.0.0.1:56920
Begin MonoManager ReloadAssembly
Registering precompiled unity dll's ...
Register platform support module: C:/Program Files/Unity/Hub/Editor/2022.3.18f1/Editor/Data/PlaybackEngines/WindowsStandaloneSupport/UnityEditor.WindowsStandalone.Extensions.dll
Registered in 0.080952 seconds.
- Loaded All Assemblies, in  4.516 seconds
Native extension for WindowsStandalone target not found
Mono: successfully reloaded assembly
- Finished resetting the current domain, in  0.560 seconds
Domain Reload Profiling: 5057ms
	BeginReloadAssembly (3694ms)
		ExecutionOrderSort (0ms)
		DisableScriptedObjects (0ms)
		BackupInstance (0ms)
		ReleaseScriptingObjects (0ms)
		CreateAndSetChildDomain (1ms)
	RebuildCommonClasses (103ms)
	RebuildNativeTypeToScriptingClass (16ms)
	initialDomainReloadingComplete (236ms)
	LoadAllAssembliesAndSetupDomain (448ms)
		LoadAssemblies (3677ms)
		RebuildTransferFunctionScriptingTraits (0ms)
		AnalyzeDomain (442ms)
			TypeCache.Refresh (441ms)
				TypeCache.ScanAssembly (415ms)
			ScanForSourceGeneratedMonoScriptInfo (0ms)
			ResolveRequiredComponents (1ms)
	FinalizeReload (561ms)
		ReleaseScriptCaches (0ms)
		RebuildScriptCaches (0ms)
		SetupLoadedEditorAssemblies (441ms)
			LogAssemblyErrors (0ms)
			InitializePlatformSupportModulesInManaged (41ms)
			SetLoadedEditorAssemblies (16ms)
			RefreshPlugins (0ms)
			BeforeProcessingInitializeOnLoad (6ms)
			ProcessInitializeOnLoadAttributes (289ms)
			ProcessInitializeOnLoadMethodAttributes (89ms)
			AfterProcessingInitializeOnLoad (0ms)
			EditorAssembliesLoaded (0ms)
		ExecutionOrderSort2 (0ms)
		AwakeInstancesAfterBackupRestoration (0ms)
========================================================================
Worker process is ready to serve import requests
Begin MonoManager ReloadAssembly
- Loaded All Assemblies, in  2.271 seconds
Refreshing native plugins compatible for Editor in 69.72 ms, found 4 plugins.
Native extension for WindowsStandalone target not found
Package Manager log level set to [2]
[Package Manager] Server::EnsureServerProcessIsRunning -- launch failed, reason: Unity was launched with the -noUpm command-line argument
[Package Manager] UpmClient::Send -- Unable to send message (not connected to UPM process).
[Package Manager] Cannot connect to Unity Package Manager local server
Mono: successfully reloaded assembly
- Finished resetting the current domain, in  2.173 seconds
Domain Reload Profiling: 4401ms
	BeginReloadAssembly (446ms)
		ExecutionOrderSort (0ms)
		DisableScriptedObjects (14ms)
		BackupInstance (0ms)
		ReleaseScriptingObjects (0ms)
		CreateAndSetChildDomain (45ms)
	RebuildCommonClasses (81ms)
	RebuildNativeTypeToScriptingClass (16ms)
	initialDomainReloadingComplete (150ms)
	LoadAllAssembliesAndSetupDomain (1534ms)
		LoadAssemblies (1375ms)
		RebuildTransferFunctionScriptingTraits (0ms)
		AnalyzeDomain (468ms)
			TypeCache.Refresh (389ms)
				TypeCache.ScanAssembly (341ms)
			ScanForSourceGeneratedMonoScriptInfo (59ms)
			ResolveRequiredComponents (17ms)
	FinalizeReload (2174ms)
		ReleaseScriptCaches (0ms)
		RebuildScriptCaches (0ms)
		SetupLoadedEditorAssemblies (1747ms)
			LogAssemblyErrors (0ms)
			InitializePlatformSupportModulesInManaged (32ms)
			SetLoadedEditorAssemblies (9ms)
			RefreshPlugins (0ms)
			BeforeProcessingInitializeOnLoad (323ms)
			ProcessInitializeOnLoadAttributes (1230ms)
			ProcessInitializeOnLoadMethodAttributes (87ms)
			AfterProcessingInitializeOnLoad (66ms)
			EditorAssembliesLoaded (0ms)
		ExecutionOrderSort2 (0ms)
		AwakeInstancesAfterBackupRestoration (16ms)
Launched and connected shader compiler UnityShaderCompiler.exe after 0.13 seconds
Refreshing native plugins compatible for Editor in 20.99 ms, found 4 plugins.
Preloading 0 native plugins for Editor in 0.00 ms.
Unloading 4716 Unused Serialized files (Serialized files now loaded: 0)
Unloading 91 unused Assets / (317.7 KB). Loaded Objects now: 5170.
Memory consumption went from 159.5 MB to 159.1 MB.
Total: 7.598500 ms (FindLiveObjects: 0.738600 ms CreateObjectMapping: 0.436900 ms MarkObjects: 5.991800 ms  DeleteObjects: 0.429200 ms)

AssetImportParameters requested are different than current active one (requested -> active):
  custom:container-demuxer-ogg: 62fdf1f143b41e24485cea50d1cbac27 -> 
  custom:video-decoder-ogg-theora: a1e56fd34408186e4bbccfd4996cb3dc -> 
  custom:framework-win-MediaFoundation: 216162199b28c13a410421893ffa2e32 -> 
  custom:CustomObjectIndexerAttribute: 6d391050e5a25f67b0a2c618074f2cd9 -> 
  custom:container-demuxer-webm: 4f35f7cbe854078d1ac9338744f61a02 -> 
  custom:container-muxer-webm: aa71ff27fc2769a1b78a27578f13a17b -> 
  custom:video-decoder-webm-vp8: 9c59270c3fd7afecdb556c50c9e8de78 -> 
  custom:SearchIndexIgnoredProperties: e643bd26f0fe6173181afceb89e7c659 -> 
  custom:AudioImporter_EditorPlatform: d09bf68614088b80899f8185d706f6e7 -> 
  custom:video-encoder-webm-vp8: eb34c28f22e8b96e1ab97ce403110664 -> 
  custom:audio-decoder-ogg-vorbis: bf7c407c2cedff20999df2af8eb42d56 -> 
  custom:audio-encoder-webm-vorbis: bf7c407c2cedff20999df2af8eb42d56 -> 
========================================================================
Received Import Request.
  Time since last request: 267575.797989 seconds.
  path: Assets/assests2/Scripts/EnemyAi.cs
  artifactKey: Guid(e6eb7989300e1db4b848a2283f68db80) Importer(2089858483,0ecaa5967403d082aa24f35e1b516d23)
Start importing Assets/assests2/Scripts/EnemyAi.cs using Guid(e6eb7989300e1db4b848a2283f68db80) Importer(2089858483,0ecaa5967403d082aa24f35e1b516d23) Generated GUIDs only implemented for interfaces!
 -> (artifact id: 'c10365dcc5ae97587218b3a548d28569') in 0.114424 seconds
Number of updated asset objects reloaded before import = 0
Number of asset objects unloaded after import = 1
========================================================================
Received Import Request.
  Time since last request: 0.000123 seconds.
  path: Assets/sprites/run/run_10.png
  artifactKey: Guid(153a3e333788ad94baeceadac287602c) Importer(2089858483,0ecaa5967403d082aa24f35e1b516d23)
Start importing Assets/sprites/run/run_10.png using Guid(153a3e333788ad94baeceadac287602c) Importer(2089858483,0ecaa5967403d082aa24f35e1b516d23) Generated GUIDs only implemented for interfaces!
 -> (artifact id: '92e1ae592015c13112595e426c532cc1') in 0.169938 seconds
Number of updated asset objects reloaded before import = 0
Number of asset objects unloaded after import = 3
========================================================================
Received Import Request.
  Time since last request: 0.000030 seconds.
  path: Assets/animation/Square 1.controller
  artifactKey: Guid(dc0463a1851fff746aa7c3d061fac481) Importer(2089858483,0ecaa5967403d082aa24f35e1b516d23)
Start importing Assets/animation/Square 1.controller using Guid(dc0463a1851fff746aa7c3d061fac481) Importer(2089858483,0ecaa5967403d082aa24f35e1b516d23) Generated GUIDs only implemented for interfaces!
 -> (artifact id: '36c39a1857c3f527ed3a684a24d125db') in 0.031342 seconds
Number of updated asset objects reloaded before import = 0
Number of asset objects unloaded after import = 18
========================================================================
Received Import Request.
  Time since last request: 0.000024 seconds.
  path: Assets/script/timer.cs
  artifactKey: Guid(83daabf2a3bdb9949bdd15e7f2aa1040) Importer(2089858483,0ecaa5967403d082aa24f35e1b516d23)
Start importing Assets/script/timer.cs using Guid(83daabf2a3bdb9949bdd15e7f2aa1040) Importer(2089858483,0ecaa5967403d082aa24f35e1b516d23) Generated GUIDs only implemented for interfaces!
 -> (artifact id: 'a47569db4cab3d13032f078a097bf6ac') in 0.021057 seconds
Number of updated asset objects reloaded before import = 0
Number of asset objects unloaded after import = 1
========================================================================
Received Import Request.
  Time since last request: 0.000031 seconds.
  path: Assets/sprites/idle/idle_12.png
  artifactKey: Guid(06aabb0b6c3cf7f4e9b2ce91b42f0bc2) Importer(2089858483,0ecaa5967403d082aa24f35e1b516d23)
Start importing Assets/sprites/idle/idle_12.png using Guid(06aabb0b6c3cf7f4e9b2ce91b42f0bc2) Importer(2089858483,0ecaa5967403d082aa24f35e1b516d23) Generated GUIDs only implemented for interfaces!
 -> (artifact id: '2e47d6f85868c3994447e5a54a9437f0') in 0.106822 seconds
Number of updated asset objects reloaded before import = 0
Number of asset objects unloaded after import = 3
========================================================================
Received Import Request.
  Time since last request: 0.000061 seconds.
  path: Assets/sprites/idle/idle_9.png
  artifactKey: Guid(370091c06007ad5489f29b66f93ce273) Importer(2089858483,0ecaa5967403d082aa24f35e1b516d23)
Start importing Assets/sprites/idle/idle_9.png using Guid(370091c06007ad5489f29b66f93ce273) Importer(2089858483,0ecaa5967403d082aa24f35e1b516d23) Generated GUIDs only implemented for interfaces!
 -> (artifact id: '96bb5a5cec06f6f0476e72d99502869c') in 0.119007 seconds
Number of updated asset objects reloaded before import = 0
Number of asset objects unloaded after import = 3
========================================================================
Received Import Request.
  Time since last request: 0.000041 seconds.
  path: Assets/sprites/jump_full/jump_4.png
  artifactKey: Guid(8e3eab5faf0f3ab4c9ebd67abbaff9b4) Importer(2089858483,0ecaa5967403d082aa24f35e1b516d23)
Start importing Assets/sprites/jump_full/jump_4.png using Guid(8e3eab5faf0f3ab4c9ebd67abbaff9b4) Importer(2089858483,0ecaa5967403d082aa24f35e1b516d23) Generated GUIDs only implemented for interfaces!
 -> (artifact id: '147a2d91166796465110fc741c6e56f8') in 0.117086 seconds
Number of updated asset objects reloaded before import = 0
Number of asset objects unloaded after import = 3
========================================================================
Received Import Request.
  Time since last request: 0.000039 seconds.
  path: Assets/sprites/jump_full/jump_5.png
  artifactKey: Guid(e7c38906c659432448063ea8fb225f88) Importer(2089858483,0ecaa5967403d082aa24f35e1b516d23)
Start importing Assets/sprites/jump_full/jump_5.png using Guid(e7c38906c659432448063ea8fb225f88) Importer(2089858483,0ecaa5967403d082aa24f35e1b516d23) Generated GUIDs only implemented for interfaces!
 -> (artifact id: '5db9a8abbad056a2a5afaadd36550d26') in 0.102097 seconds
Number of updated asset objects reloaded before import = 0
Number of asset objects unloaded after import = 3
========================================================================
Received Import Request.
  Time since last request: 0.000041 seconds.
  path: Assets/assests2/AstarPathfindingProject/PackageTools/UniqueComponentAttribute.cs
  artifactKey: Guid(044b8545058e14946b5bea1b0fca83b5) Importer(2089858483,0ecaa5967403d082aa24f35e1b516d23)
Start importing Assets/assests2/AstarPathfindingProject/PackageTools/UniqueComponentAttribute.cs using Guid(044b8545058e14946b5bea1b0fca83b5) Importer(2089858483,0ecaa5967403d082aa24f35e1b516d23) Generated GUIDs only implemented for interfaces!
 -> (artifact id: '298a811f2c887bf0cb3bfe414288c3e4') in 0.019934 seconds
Number of updated asset objects reloaded before import = 0
Number of asset objects unloaded after import = 1
========================================================================
Received Import Request.
  Time since last request: 0.000026 seconds.
  path: Assets/monsdmg.cs
  artifactKey: Guid(d25d0790996134f40bfab69f077f8f5c) Importer(2089858483,0ecaa5967403d082aa24f35e1b516d23)
Start importing Assets/monsdmg.cs using Guid(d25d0790996134f40bfab69f077f8f5c) Importer(2089858483,0ecaa5967403d082aa24f35e1b516d23) Generated GUIDs only implemented for interfaces!
 -> (artifact id: 'bb351006aa1f77e29a90ed617f44563c') in 0.023091 seconds
Number of updated asset objects reloaded before import = 0
Number of asset objects unloaded after import = 1
========================================================================
Received Import Request.
  Time since last request: 0.000027 seconds.
  path: Assets/assests2/AstarPathfindingProject/Core/GraphUpdateScene.cs
  artifactKey: Guid(a29cbafb030f75944bf881c2f2271e56) Importer(2089858483,0ecaa5967403d082aa24f35e1b516d23)
Start importing Assets/assests2/AstarPathfindingProject/Core/GraphUpdateScene.cs using Guid(a29cbafb030f75944bf881c2f2271e56) Importer(2089858483,0ecaa5967403d082aa24f35e1b516d23) Generated GUIDs only implemented for interfaces!
 -> (artifact id: '8ace41797461bcba4555e19f2e15a142') in 0.022663 seconds
Number of updated asset objects reloaded before import = 0
Number of asset objects unloaded after import = 1
========================================================================
Received Import Request.
  Time since last request: 0.000033 seconds.
  path: Assets/playerhealth.cs
  artifactKey: Guid(69230e47742b6b149a564129d17a526c) Importer(2089858483,0ecaa5967403d082aa24f35e1b516d23)
Start importing Assets/playerhealth.cs using Guid(69230e47742b6b149a564129d17a526c) Importer(2089858483,0ecaa5967403d082aa24f35e1b516d23) Generated GUIDs only implemented for interfaces!
 -> (artifact id: '909f3df633668c56ccf49d7aa9bee332') in 0.023661 seconds
Number of updated asset objects reloaded before import = 0
Number of asset objects unloaded after import = 1
========================================================================
Received Import Request.
  Time since last request: 0.000029 seconds.
  path: Assets/assests2/AstarPathfindingProject/Editor/ProceduralGridMoverEditor.cs
  artifactKey: Guid(ef39fa1e31ebe5041b457f39560c908a) Importer(2089858483,0ecaa5967403d082aa24f35e1b516d23)
Start importing Assets/assests2/AstarPathfindingProject/Editor/ProceduralGridMoverEditor.cs using Guid(ef39fa1e31ebe5041b457f39560c908a) Importer(2089858483,0ecaa5967403d082aa24f35e1b516d23) Generated GUIDs only implemented for interfaces!
 -> (artifact id: '39de283612cc134866498ac78ab1d743') in 0.022684 seconds
Number of updated asset objects reloaded before import = 0
Number of asset objects unloaded after import = 1
========================================================================
Received Import Request.
  Time since last request: 0.000101 seconds.
  path: Assets/assests2/AstarPathfindingProject/Utilities/AstarParallel.cs
  artifactKey: Guid(612e49590585b8247bc8b1f9cf48574d) Importer(2089858483,0ecaa5967403d082aa24f35e1b516d23)
Start importing Assets/assests2/AstarPathfindingProject/Utilities/AstarParallel.cs using Guid(612e49590585b8247bc8b1f9cf48574d) Importer(2089858483,0ecaa5967403d082aa24f35e1b516d23) Generated GUIDs only implemented for interfaces!
 -> (artifact id: '75089ac86ce0cd718c246d4de4e804c7') in 0.020560 seconds
Number of updated asset objects reloaded before import = 0
Number of asset objects unloaded after import = 1
========================================================================
Received Import Request.
  Time since last request: 0.000027 seconds.
  path: Assets/assests2/AstarPathfindingProject/Utilities/DynamicGridObstacle.cs
  artifactKey: Guid(7e166fb1f4ea89e49b2a5c4824aebf18) Importer(2089858483,0ecaa5967403d082aa24f35e1b516d23)
Start importing Assets/assests2/AstarPathfindingProject/Utilities/DynamicGridObstacle.cs using Guid(7e166fb1f4ea89e49b2a5c4824aebf18) Importer(2089858483,0ecaa5967403d082aa24f35e1b516d23) Generated GUIDs only implemented for interfaces!
 -> (artifact id: 'e147839a50bb80a66372509ccd16434c') in 0.023558 seconds
Number of updated asset objects reloaded before import = 0
Number of asset objects unloaded after import = 1
========================================================================
Received Import Request.
  Time since last request: 0.000036 seconds.
  path: Assets/assests2/AstarPathfindingProject/Utilities/GraphGizmoHelper.cs
  artifactKey: Guid(9b9b4fdd3bb41df46a5a9a15de493c53) Importer(2089858483,0ecaa5967403d082aa24f35e1b516d23)
Start importing Assets/assests2/AstarPathfindingProject/Utilities/GraphGizmoHelper.cs using Guid(9b9b4fdd3bb41df46a5a9a15de493c53) Importer(2089858483,0ecaa5967403d082aa24f35e1b516d23) Generated GUIDs only implemented for interfaces!
 -> (artifact id: '25f469650cfd2017a1580e547ac92113') in 0.021690 seconds
Number of updated asset objects reloaded before import = 0
Number of asset objects unloaded after import = 1
========================================================================
Received Import Request.
  Time since last request: 0.000036 seconds.
  path: Assets/sprites/jump_full/jump_22.png
  artifactKey: Guid(963825863f416f345b3c4dbfba68f369) Importer(2089858483,0ecaa5967403d082aa24f35e1b516d23)
Start importing Assets/sprites/jump_full/jump_22.png using Guid(963825863f416f345b3c4dbfba68f369) Importer(2089858483,0ecaa5967403d082aa24f35e1b516d23) Generated GUIDs only implemented for interfaces!
 -> (artifact id: '35e93de22f5c79d1c82a416323e4552e') in 0.106729 seconds
Number of updated asset objects reloaded before import = 0
Number of asset objects unloaded after import = 3
========================================================================
Received Import Request.
  Time since last request: 0.000023 seconds.
  path: Assets/sprites/idle/idle_1.png
  artifactKey: Guid(69f90b2bebce744428c2c6e2e4b4a8d4) Importer(2089858483,0ecaa5967403d082aa24f35e1b516d23)
Start importing Assets/sprites/idle/idle_1.png using Guid(69f90b2bebce744428c2c6e2e4b4a8d4) Importer(2089858483,0ecaa5967403d082aa24f35e1b516d23) Generated GUIDs only implemented for interfaces!
 -> (artifact id: 'd3fdbb7b089219f6b4d9c2bbd01bf5a6') in 0.095562 seconds
Number of updated asset objects reloaded before import = 0
Number of asset objects unloaded after import = 3
========================================================================
Received Import Request.
  Time since last request: 0.000044 seconds.
  path: Assets/sprites/idle/idle_4.png
  artifactKey: Guid(36af8ecbb8729c345af18dfae00b5a68) Importer(2089858483,0ecaa5967403d082aa24f35e1b516d23)
Start importing Assets/sprites/idle/idle_4.png using Guid(36af8ecbb8729c345af18dfae00b5a68) Importer(2089858483,0ecaa5967403d082aa24f35e1b516d23) Generated GUIDs only implemented for interfaces!
 -> (artifact id: 'a71e4c3ecf9151fd039488b886e2f440') in 0.101250 seconds
Number of updated asset objects reloaded before import = 0
Number of asset objects unloaded after import = 3
========================================================================
Received Import Request.
  Time since last request: 0.000036 seconds.
  path: Assets/assests2/AstarPathfindingProject/Editor/AstarUpdateWindow.cs
  artifactKey: Guid(d338fda2897d98b47a2db4164942fb53) Importer(2089858483,0ecaa5967403d082aa24f35e1b516d23)
Start importing Assets/assests2/AstarPathfindingProject/Editor/AstarUpdateWindow.cs using Guid(d338fda2897d98b47a2db4164942fb53) Importer(2089858483,0ecaa5967403d082aa24f35e1b516d23) Generated GUIDs only implemented for interfaces!
 -> (artifact id: '114131aa4085f0400a45e94390e3cf42') in 0.025385 seconds
Number of updated asset objects reloaded before import = 0
Number of asset objects unloaded after import = 1
========================================================================
Received Import Request.
  Time since last request: 0.000031 seconds.
  path: Assets/Scripts/Player/bullet.cs
  artifactKey: Guid(f4f2343f91615394590648d8caf52b8c) Importer(2089858483,0ecaa5967403d082aa24f35e1b516d23)
Start importing Assets/Scripts/Player/bullet.cs using Guid(f4f2343f91615394590648d8caf52b8c) Importer(2089858483,0ecaa5967403d082aa24f35e1b516d23) Generated GUIDs only implemented for interfaces!
 -> (artifact id: 'f89674525425ec62874193cc98bf8066') in 0.020040 seconds
Number of updated asset objects reloaded before import = 0
Number of asset objects unloaded after import = 1
========================================================================
Received Import Request.
  Time since last request: 0.000029 seconds.
  path: Assets/Scripts/Player/controller/inputcontrol.cs
  artifactKey: Guid(191e6de3dc0496b4a85417fe5bcddc1a) Importer(2089858483,0ecaa5967403d082aa24f35e1b516d23)
Start importing Assets/Scripts/Player/controller/inputcontrol.cs using Guid(191e6de3dc0496b4a85417fe5bcddc1a) Importer(2089858483,0ecaa5967403d082aa24f35e1b516d23) Generated GUIDs only implemented for interfaces!
 -> (artifact id: '8407e4508b2a6fdc0531d5dd2c693f83') in 0.021025 seconds
Number of updated asset objects reloaded before import = 0
Number of asset objects unloaded after import = 1
========================================================================
Received Import Request.
  Time since last request: 0.000028 seconds.
  path: Assets/assests2/AstarPathfindingProject/Core/Serialization/TinyJson.cs
  artifactKey: Guid(d06a20d23ccc16647a3ee1feefaa2364) Importer(2089858483,0ecaa5967403d082aa24f35e1b516d23)
Start importing Assets/assests2/AstarPathfindingProject/Core/Serialization/TinyJson.cs using Guid(d06a20d23ccc16647a3ee1feefaa2364) Importer(2089858483,0ecaa5967403d082aa24f35e1b516d23) Generated GUIDs only implemented for interfaces!
 -> (artifact id: 'b94329efc2b63e9ae6c143b61667c77e') in 0.021425 seconds
Number of updated asset objects reloaded before import = 0
Number of asset objects unloaded after import = 1
========================================================================
Received Import Request.
  Time since last request: 0.000031 seconds.
  path: Assets/assests2/AstarPathfindingProject/Core/Misc/AnimationLink.cs
  artifactKey: Guid(a702f6f878d4ffc4d8c049b68ecf24c8) Importer(2089858483,0ecaa5967403d082aa24f35e1b516d23)
Start importing Assets/assests2/AstarPathfindingProject/Core/Misc/AnimationLink.cs using Guid(a702f6f878d4ffc4d8c049b68ecf24c8) Importer(2089858483,0ecaa5967403d082aa24f35e1b516d23) Generated GUIDs only implemented for interfaces!
 -> (artifact id: '2a8caa3f287924f61cafbbaaf3314dea') in 0.022894 seconds
Number of updated asset objects reloaded before import = 0
Number of asset objects unloaded after import = 1
========================================================================
Received Import Request.
  Time since last request: 0.000029 seconds.
  path: Assets/assests2/AstarPathfindingProject/Core/Misc/WorkItemProcessor.cs
  artifactKey: Guid(491f8521f9277b54db1e33e5142b4080) Importer(2089858483,0ecaa5967403d082aa24f35e1b516d23)
Start importing Assets/assests2/AstarPathfindingProject/Core/Misc/WorkItemProcessor.cs using Guid(491f8521f9277b54db1e33e5142b4080) Importer(2089858483,0ecaa5967403d082aa24f35e1b516d23) Generated GUIDs only implemented for interfaces!
 -> (artifact id: 'cc5636ffcef899e5b03101b6fa5ed858') in 0.026198 seconds
Number of updated asset objects reloaded before import = 0
Number of asset objects unloaded after import = 1
========================================================================
Received Import Request.
  Time since last request: 0.000042 seconds.
  path: Assets/assests2/AstarPathfindingProject/Core/Misc/ListPool.cs
  artifactKey: Guid(d50cefaa76f39d94f8d64aba7b072103) Importer(2089858483,0ecaa5967403d082aa24f35e1b516d23)
Start importing Assets/assests2/AstarPathfindingProject/Core/Misc/ListPool.cs using Guid(d50cefaa76f39d94f8d64aba7b072103) Importer(2089858483,0ecaa5967403d082aa24f35e1b516d23) Generated GUIDs only implemented for interfaces!
 -> (artifact id: '9a67fe451c4ba6d47d6c7c147f4f4ab2') in 0.019262 seconds
Number of updated asset objects reloaded before import = 0
Number of asset objects unloaded after import = 1
========================================================================
Received Import Request.
  Time since last request: 0.000032 seconds.
  path: Assets/assests2/AstarPathfindingProject/Core/Misc/GraphEditorBase.cs
  artifactKey: Guid(6e5093351d229fa4fbbf8639ed1976a1) Importer(2089858483,0ecaa5967403d082aa24f35e1b516d23)
Start importing Assets/assests2/AstarPathfindingProject/Core/Misc/GraphEditorBase.cs using Guid(6e5093351d229fa4fbbf8639ed1976a1) Importer(2089858483,0ecaa5967403d082aa24f35e1b516d23) Generated GUIDs only implemented for interfaces!
 -> (artifact id: 'dc52f819a5ede2c579eafd2fd684ee4c') in 0.020791 seconds
Number of updated asset objects reloaded before import = 0
Number of asset objects unloaded after import = 1
========================================================================
Received Import Request.
  Time since last request: 0.000022 seconds.
  path: Assets/assests2/AstarPathfindingProject/Core/Misc/GraphUpdateProcessor.cs
  artifactKey: Guid(c21ed5369e7b0784eb2dc33bb23a93db) Importer(2089858483,0ecaa5967403d082aa24f35e1b516d23)
Start importing Assets/assests2/AstarPathfindingProject/Core/Misc/GraphUpdateProcessor.cs using Guid(c21ed5369e7b0784eb2dc33bb23a93db) Importer(2089858483,0ecaa5967403d082aa24f35e1b516d23) Generated GUIDs only implemented for interfaces!
 -> (artifact id: 'fe4b23e034b673624ab102c048659ebe') in 0.036244 seconds
Number of updated asset objects reloaded before import = 0
Number of asset objects unloaded after import = 1
========================================================================
Received Import Request.
  Time since last request: 0.000030 seconds.
  path: Assets/assests2/AstarPathfindingProject/Utilities/RetainedGizmos.cs
  artifactKey: Guid(4e78c8dcecd48e04f8ed1c966b093d4e) Importer(2089858483,0ecaa5967403d082aa24f35e1b516d23)
Start importing Assets/assests2/AstarPathfindingProject/Utilities/RetainedGizmos.cs using Guid(4e78c8dcecd48e04f8ed1c966b093d4e) Importer(2089858483,0ecaa5967403d082aa24f35e1b516d23) Generated GUIDs only implemented for interfaces!
 -> (artifact id: '3f2ae8d9f55995435ede11fe6f869a9d') in 0.022652 seconds
Number of updated asset objects reloaded before import = 0
Number of asset objects unloaded after import = 1
========================================================================
Received Import Request.
  Time since last request: 0.000027 seconds.
  path: Assets/assests2/AstarPathfindingProject/Core/Misc/PathReturnQueue.cs
  artifactKey: Guid(d8750c5f77602f443acee51bd6297ebd) Importer(2089858483,0ecaa5967403d082aa24f35e1b516d23)
Start importing Assets/assests2/AstarPathfindingProject/Core/Misc/PathReturnQueue.cs using Guid(d8750c5f77602f443acee51bd6297ebd) Importer(2089858483,0ecaa5967403d082aa24f35e1b516d23) Generated GUIDs only implemented for interfaces!
 -> (artifact id: '6c9bfb4cac8a4eb7030b839b4c12edc0') in 0.019718 seconds
Number of updated asset objects reloaded before import = 0
Number of asset objects unloaded after import = 1
========================================================================
Received Import Request.
  Time since last request: 0.000023 seconds.
  path: Assets/assests2/AstarPathfindingProject/Core/AI/TurnBasedAI.cs
  artifactKey: Guid(ce2c5425abbfebb42ae40bfd6aa404ff) Importer(2089858483,0ecaa5967403d082aa24f35e1b516d23)
Start importing Assets/assests2/AstarPathfindingProject/Core/AI/TurnBasedAI.cs using Guid(ce2c5425abbfebb42ae40bfd6aa404ff) Importer(2089858483,0ecaa5967403d082aa24f35e1b516d23) Generated GUIDs only implemented for interfaces!
 -> (artifact id: '24f28cfc54939b75049e14dcbb9799f5') in 0.023136 seconds
Number of updated asset objects reloaded before import = 0
Number of asset objects unloaded after import = 1
========================================================================
Received Import Request.
  Time since last request: 0.000022 seconds.
  path: Assets/assests2/AstarPathfindingProject/Core/Misc/WindowsStoreCompatibility.cs
  artifactKey: Guid(e21fb57a6b17c0e46a951032b7ff7f0f) Importer(2089858483,0ecaa5967403d082aa24f35e1b516d23)
Start importing Assets/assests2/AstarPathfindingProject/Core/Misc/WindowsStoreCompatibility.cs using Guid(e21fb57a6b17c0e46a951032b7ff7f0f) Importer(2089858483,0ecaa5967403d082aa24f35e1b516d23) Generated GUIDs only implemented for interfaces!
 -> (artifact id: 'b44a921178a8196631abacb59d45b820') in 0.021636 seconds
Number of updated asset objects reloaded before import = 0
Number of asset objects unloaded after import = 1
========================================================================
Received Import Request.
  Time since last request: 0.000035 seconds.
  path: Assets/sprites/idle/idle_7.png
  artifactKey: Guid(8b592f4c85eb21e4db8f0a35c01426c4) Importer(2089858483,0ecaa5967403d082aa24f35e1b516d23)
Start importing Assets/sprites/idle/idle_7.png using Guid(8b592f4c85eb21e4db8f0a35c01426c4) Importer(2089858483,0ecaa5967403d082aa24f35e1b516d23) Generated GUIDs only implemented for interfaces!
 -> (artifact id: 'a24aa67e8a5be5a4c3dfe774c3f9599b') in 0.111420 seconds
Number of updated asset objects reloaded before import = 0
Number of asset objects unloaded after import = 3
========================================================================
Received Import Request.
  Time since last request: 0.000039 seconds.
  path: Assets/climb.anim
  artifactKey: Guid(fa00cd65550923d438a9e174770964c5) Importer(2089858483,0ecaa5967403d082aa24f35e1b516d23)
Start importing Assets/climb.anim using Guid(fa00cd65550923d438a9e174770964c5) Importer(2089858483,0ecaa5967403d082aa24f35e1b516d23) Generated GUIDs only implemented for interfaces!
 -> (artifact id: 'df6d297812fe70e2de81ed1e9406fb5d') in 0.034342 seconds
Number of updated asset objects reloaded before import = 0
Number of asset objects unloaded after import = 1
========================================================================
Received Import Request.
  Time since last request: 0.000039 seconds.
  path: Assets/sprites/run/run_4.png
  artifactKey: Guid(180f70a01bf6f0943acc92e33cf94950) Importer(2089858483,0ecaa5967403d082aa24f35e1b516d23)
Start importing Assets/sprites/run/run_4.png using Guid(180f70a01bf6f0943acc92e33cf94950) Importer(2089858483,0ecaa5967403d082aa24f35e1b516d23) Generated GUIDs only implemented for interfaces!
 -> (artifact id: 'cbab34692ccb0168115bdc0d4f4f2d26') in 0.101306 seconds
Number of updated asset objects reloaded before import = 0
Number of asset objects unloaded after import = 3
========================================================================
Received Import Request.
  Time since last request: 0.000027 seconds.
  path: Assets/sprites/jump_full/jump_17.png
  artifactKey: Guid(fa89259db51c4354db834a080afc648b) Importer(2089858483,0ecaa5967403d082aa24f35e1b516d23)
Start importing Assets/sprites/jump_full/jump_17.png using Guid(fa89259db51c4354db834a080afc648b) Importer(2089858483,0ecaa5967403d082aa24f35e1b516d23) Generated GUIDs only implemented for interfaces!
 -> (artifact id: '9ce678bc85fbea649d8800ef82d0254d') in 0.094950 seconds
Number of updated asset objects reloaded before import = 0
Number of asset objects unloaded after import = 3
========================================================================
Received Import Request.
  Time since last request: 0.000027 seconds.
  path: Assets/assests2/AstarPathfindingProject/ExampleScenes/ExampleScripts/DoorController.cs
  artifactKey: Guid(d52e5b3f89743214083f5e2cde0a5352) Importer(2089858483,0ecaa5967403d082aa24f35e1b516d23)
Start importing Assets/assests2/AstarPathfindingProject/ExampleScenes/ExampleScripts/DoorController.cs using Guid(d52e5b3f89743214083f5e2cde0a5352) Importer(2089858483,0ecaa5967403d082aa24f35e1b516d23) Generated GUIDs only implemented for interfaces!
 -> (artifact id: 'd1f4de9c50fce2424fde94b1e3526e29') in 0.020574 seconds
Number of updated asset objects reloaded before import = 0
Number of asset objects unloaded after import = 1
========================================================================
Received Import Request.
  Time since last request: 0.000036 seconds.
  path: Assets/assests2/AstarPathfindingProject/Generators/Utilities/EuclideanEmbedding.cs
  artifactKey: Guid(11c81ff47df6f714eb8ace538bbe1cbb) Importer(2089858483,0ecaa5967403d082aa24f35e1b516d23)
Start importing Assets/assests2/AstarPathfindingProject/Generators/Utilities/EuclideanEmbedding.cs using Guid(11c81ff47df6f714eb8ace538bbe1cbb) Importer(2089858483,0ecaa5967403d082aa24f35e1b516d23) Generated GUIDs only implemented for interfaces!
 -> (artifact id: 'edd0457fca7c127fdde1975054ef727b') in 0.021706 seconds
Number of updated asset objects reloaded before import = 0
Number of asset objects unloaded after import = 1
========================================================================
Received Import Request.
  Time since last request: 0.000040 seconds.
  path: Assets/assests2/AstarPathfindingProject/Editor/Legacy/LegacyEditorHelper2.cs
  artifactKey: Guid(6eb131c6050057b468672603979596f6) Importer(2089858483,0ecaa5967403d082aa24f35e1b516d23)
Start importing Assets/assests2/AstarPathfindingProject/Editor/Legacy/LegacyEditorHelper2.cs using Guid(6eb131c6050057b468672603979596f6) Importer(2089858483,0ecaa5967403d082aa24f35e1b516d23) Generated GUIDs only implemented for interfaces!
 -> (artifact id: 'a03ce2774c3fff8be62f25c7bb356325') in 0.023022 seconds
Number of updated asset objects reloaded before import = 0
Number of asset objects unloaded after import = 1
========================================================================
Received Import Request.
  Time since last request: 0.000034 seconds.
  path: Assets/assests2/AstarPathfindingProject/Generators/Utilities/NavMeshRenderer.cs
  artifactKey: Guid(e97391c764840854a966979e87c399ca) Importer(2089858483,0ecaa5967403d082aa24f35e1b516d23)
Start importing Assets/assests2/AstarPathfindingProject/Generators/Utilities/NavMeshRenderer.cs using Guid(e97391c764840854a966979e87c399ca) Importer(2089858483,0ecaa5967403d082aa24f35e1b516d23) Generated GUIDs only implemented for interfaces!
 -> (artifact id: 'c63675c4601885a3170c10fa7f49b610') in 0.025458 seconds
Number of updated asset objects reloaded before import = 0
Number of asset objects unloaded after import = 1
========================================================================
Received Import Request.
  Time since last request: 0.000031 seconds.
  path: Assets/assests2/AstarPathfindingProject/Generators/NodeClasses/GridNodeBase.cs
  artifactKey: Guid(9af3a0725ef34f543814daa2ddf8ce89) Importer(2089858483,0ecaa5967403d082aa24f35e1b516d23)
Start importing Assets/assests2/AstarPathfindingProject/Generators/NodeClasses/GridNodeBase.cs using Guid(9af3a0725ef34f543814daa2ddf8ce89) Importer(2089858483,0ecaa5967403d082aa24f35e1b516d23) Generated GUIDs only implemented for interfaces!
 -> (artifact id: 'd30b4faa9e1941d8b8589ff8c2436bbf') in 0.019760 seconds
Number of updated asset objects reloaded before import = 0
Number of asset objects unloaded after import = 1
========================================================================
Received Import Request.
  Time since last request: 0.000025 seconds.
  path: Assets/Scripts/Player/checks/capabilities/jump.cs
  artifactKey: Guid(00de4a524116c4c418c459daa4b12d94) Importer(2089858483,0ecaa5967403d082aa24f35e1b516d23)
Start importing Assets/Scripts/Player/checks/capabilities/jump.cs using Guid(00de4a524116c4c418c459daa4b12d94) Importer(2089858483,0ecaa5967403d082aa24f35e1b516d23) Generated GUIDs only implemented for interfaces!
 -> (artifact id: '827dbdc07f0a3ae063620e468e0fa769') in 0.020991 seconds
Number of updated asset objects reloaded before import = 0
Number of asset objects unloaded after import = 1
========================================================================
Received Import Request.
  Time since last request: 0.000033 seconds.
  path: Assets/Scenes/Pomascene.unity
  artifactKey: Guid(3781c423686888446af79083860861d5) Importer(2089858483,0ecaa5967403d082aa24f35e1b516d23)
Start importing Assets/Scenes/Pomascene.unity using Guid(3781c423686888446af79083860861d5) Importer(2089858483,0ecaa5967403d082aa24f35e1b516d23) Generated GUIDs only implemented for interfaces!
 -> (artifact id: 'da2a563a4b2374fc8c16436b9b14443e') in 0.015761 seconds
Number of updated asset objects reloaded before import = 0
Number of asset objects unloaded after import = 1
========================================================================
Received Import Request.
  Time since last request: 0.000026 seconds.
  path: Assets/assests2/AstarPathfindingProject/Core/Serialization/JsonConverters.cs
  artifactKey: Guid(81eef22735afe8744b48930ca462098d) Importer(2089858483,0ecaa5967403d082aa24f35e1b516d23)
Start importing Assets/assests2/AstarPathfindingProject/Core/Serialization/JsonConverters.cs using Guid(81eef22735afe8744b48930ca462098d) Importer(2089858483,0ecaa5967403d082aa24f35e1b516d23) Generated GUIDs only implemented for interfaces!
 -> (artifact id: '87ceb799f0a5e8bc457ddab1006744fb') in 0.021177 seconds
Number of updated asset objects reloaded before import = 0
Number of asset objects unloaded after import = 1
========================================================================
Received Import Request.
  Time since last request: 0.000024 seconds.
  path: Assets/EnemyDeathEffect.prefab
  artifactKey: Guid(3c45864be6a059a4a82a25e285298338) Importer(2089858483,0ecaa5967403d082aa24f35e1b516d23)
Start importing Assets/EnemyDeathEffect.prefab using Guid(3c45864be6a059a4a82a25e285298338) Importer(2089858483,0ecaa5967403d082aa24f35e1b516d23) Generated GUIDs only implemented for interfaces!
 -> (artifact id: '8bc5c36d5f94e78237c6c8d17c3b0232') in 0.050673 seconds
Number of updated asset objects reloaded before import = 0
Number of asset objects unloaded after import = 6
========================================================================
Received Import Request.
  Time since last request: 0.000055 seconds.
  path: Assets/sprites/jump_full/jump_11.png
  artifactKey: Guid(b5c9ce9d2d15db94ab5021140eecbe3c) Importer(2089858483,0ecaa5967403d082aa24f35e1b516d23)
Start importing Assets/sprites/jump_full/jump_11.png using Guid(b5c9ce9d2d15db94ab5021140eecbe3c) Importer(2089858483,0ecaa5967403d082aa24f35e1b516d23) Generated GUIDs only implemented for interfaces!
 -> (artifact id: '60e88c2c442e88dc165b55714f65ed17') in 0.103445 seconds
Number of updated asset objects reloaded before import = 0
Number of asset objects unloaded after import = 3
========================================================================
Received Import Request.
  Time since last request: 0.000030 seconds.
  path: Assets/assests2/AstarPathfindingProject/Editor/GraphUpdateSceneEditor.cs
  artifactKey: Guid(bbc97c2ad5109a7428329b8bafad37dd) Importer(2089858483,0ecaa5967403d082aa24f35e1b516d23)
Start importing Assets/assests2/AstarPathfindingProject/Editor/GraphUpdateSceneEditor.cs using Guid(bbc97c2ad5109a7428329b8bafad37dd) Importer(2089858483,0ecaa5967403d082aa24f35e1b516d23) Generated GUIDs only implemented for interfaces!
 -> (artifact id: 'a6f681498ac771dca0af3599d57fb6d4') in 0.021507 seconds
Number of updated asset objects reloaded before import = 0
Number of asset objects unloaded after import = 1
========================================================================
Received Import Request.
  Time since last request: 0.000036 seconds.
  path: Assets/assests2/AstarPathfindingProject/Core/GraphUpdateShape.cs
  artifactKey: Guid(65f18a10cc77fbd44967867cf934dad9) Importer(2089858483,0ecaa5967403d082aa24f35e1b516d23)
Start importing Assets/assests2/AstarPathfindingProject/Core/GraphUpdateShape.cs using Guid(65f18a10cc77fbd44967867cf934dad9) Importer(2089858483,0ecaa5967403d082aa24f35e1b516d23) Generated GUIDs only implemented for interfaces!
 -> (artifact id: '26911e86669dbf7c9de1698329da4a7c') in 0.022665 seconds
Number of updated asset objects reloaded before import = 0
Number of asset objects unloaded after import = 1
========================================================================
Received Import Request.
  Time since last request: 0.000029 seconds.
  path: Assets/assests2/AstarPathfindingProject/Editor/GraphEditors/GraphEditor.cs
  artifactKey: Guid(10a96ac383f4b1a4795488736cb6cda0) Importer(2089858483,0ecaa5967403d082aa24f35e1b516d23)
Start importing Assets/assests2/AstarPathfindingProject/Editor/GraphEditors/GraphEditor.cs using Guid(10a96ac383f4b1a4795488736cb6cda0) Importer(2089858483,0ecaa5967403d082aa24f35e1b516d23) Generated GUIDs only implemented for interfaces!
 -> (artifact id: '4da16ad575fb28e569bacadcddbfb395') in 0.021803 seconds
Number of updated asset objects reloaded before import = 0
Number of asset objects unloaded after import = 1
========================================================================
Received Import Request.
  Time since last request: 0.000029 seconds.
  path: Assets/sprites/run/run_8.png
  artifactKey: Guid(0e9e48f8ea9888a4a8d4f17f40118a30) Importer(2089858483,0ecaa5967403d082aa24f35e1b516d23)
Start importing Assets/sprites/run/run_8.png using Guid(0e9e48f8ea9888a4a8d4f17f40118a30) Importer(2089858483,0ecaa5967403d082aa24f35e1b516d23) Generated GUIDs only implemented for interfaces!
 -> (artifact id: 'bce92711858c0cd002376750cae10375') in 0.114635 seconds
Number of updated asset objects reloaded before import = 0
Number of asset objects unloaded after import = 3
========================================================================
Received Import Request.
  Time since last request: 0.000032 seconds.
  path: Assets/assests2/AstarPathfindingProject/Utilities/DotNetReplacements.cs
  artifactKey: Guid(5985ad2912351dc45933fa75d028e682) Importer(2089858483,0ecaa5967403d082aa24f35e1b516d23)
Start importing Assets/assests2/AstarPathfindingProject/Utilities/DotNetReplacements.cs using Guid(5985ad2912351dc45933fa75d028e682) Importer(2089858483,0ecaa5967403d082aa24f35e1b516d23) Generated GUIDs only implemented for interfaces!
 -> (artifact id: '6a75af722e67c72af295b6e77d5e1738') in 0.021461 seconds
Number of updated asset objects reloaded before import = 0
Number of asset objects unloaded after import = 1
========================================================================
Received Import Request.
  Time since last request: 0.000029 seconds.
  path: Assets/assests2/AstarPathfindingProject/Generators/Utilities/NavmeshTile.cs
  artifactKey: Guid(9aab29d54dd8df84a9f1edd5fb177de1) Importer(2089858483,0ecaa5967403d082aa24f35e1b516d23)
Start importing Assets/assests2/AstarPathfindingProject/Generators/Utilities/NavmeshTile.cs using Guid(9aab29d54dd8df84a9f1edd5fb177de1) Importer(2089858483,0ecaa5967403d082aa24f35e1b516d23) Generated GUIDs only implemented for interfaces!
 -> (artifact id: '25c074c5348984ab1e695afc939ba6fc') in 0.021118 seconds
Number of updated asset objects reloaded before import = 0
Number of asset objects unloaded after import = 1
========================================================================
Received Prepare
Begin MonoManager ReloadAssembly
- Loaded All Assemblies, in  1.682 seconds
Refreshing native plugins compatible for Editor in 32.78 ms, found 4 plugins.
Native extension for WindowsStandalone target not found
[Package Manager] Server::EnsureServerProcessIsRunning -- launch failed, reason: Unity was launched with the -noUpm command-line argument
[Package Manager] UpmClient::Send -- Unable to send message (not connected to UPM process).
[Package Manager] Cannot connect to Unity Package Manager local server
Mono: successfully reloaded assembly
- Finished resetting the current domain, in  4.561 seconds
Domain Reload Profiling: 6209ms
	BeginReloadAssembly (486ms)
		ExecutionOrderSort (0ms)
		DisableScriptedObjects (20ms)
		BackupInstance (0ms)
		ReleaseScriptingObjects (0ms)
		CreateAndSetChildDomain (81ms)
	RebuildCommonClasses (88ms)
	RebuildNativeTypeToScriptingClass (16ms)
	initialDomainReloadingComplete (119ms)
	LoadAllAssembliesAndSetupDomain (939ms)
		LoadAssemblies (1200ms)
		RebuildTransferFunctionScriptingTraits (0ms)
		AnalyzeDomain (35ms)
			TypeCache.Refresh (12ms)
				TypeCache.ScanAssembly (0ms)
			ScanForSourceGeneratedMonoScriptInfo (0ms)
			ResolveRequiredComponents (22ms)
	FinalizeReload (4561ms)
		ReleaseScriptCaches (0ms)
		RebuildScriptCaches (0ms)
		SetupLoadedEditorAssemblies (1637ms)
			LogAssemblyErrors (0ms)
			InitializePlatformSupportModulesInManaged (33ms)
			SetLoadedEditorAssemblies (5ms)
			RefreshPlugins (0ms)
			BeforeProcessingInitializeOnLoad (288ms)
			ProcessInitializeOnLoadAttributes (1172ms)
			ProcessInitializeOnLoadMethodAttributes (75ms)
			AfterProcessingInitializeOnLoad (64ms)
			EditorAssembliesLoaded (0ms)
		ExecutionOrderSort2 (0ms)
		AwakeInstancesAfterBackupRestoration (26ms)
Refreshing native plugins compatible for Editor in 32.90 ms, found 4 plugins.
Preloading 0 native plugins for Editor in 0.00 ms.
Unloading 4709 Unused Serialized files (Serialized files now loaded: 0)
Unloading 45 unused Assets / (289.0 KB). Loaded Objects now: 5187.
Memory consumption went from 159.6 MB to 159.3 MB.
Total: 7.598000 ms (FindLiveObjects: 0.599800 ms CreateObjectMapping: 0.433000 ms MarkObjects: 6.254100 ms  DeleteObjects: 0.309500 ms)

Prepare: number of updated asset objects reloaded= 0
AssetImportParameters requested are different than current active one (requested -> active):
  custom:container-demuxer-ogg: 62fdf1f143b41e24485cea50d1cbac27 -> 
  custom:video-decoder-ogg-theora: a1e56fd34408186e4bbccfd4996cb3dc -> 
  custom:framework-win-MediaFoundation: 216162199b28c13a410421893ffa2e32 -> 
  custom:CustomObjectIndexerAttribute: 6d391050e5a25f67b0a2c618074f2cd9 -> 
  custom:container-demuxer-webm: 4f35f7cbe854078d1ac9338744f61a02 -> 
  custom:container-muxer-webm: aa71ff27fc2769a1b78a27578f13a17b -> 
  custom:video-decoder-webm-vp8: 9c59270c3fd7afecdb556c50c9e8de78 -> 
  custom:SearchIndexIgnoredProperties: e643bd26f0fe6173181afceb89e7c659 -> 
  custom:AudioImporter_EditorPlatform: d09bf68614088b80899f8185d706f6e7 -> 
  custom:video-encoder-webm-vp8: eb34c28f22e8b96e1ab97ce403110664 -> 
  custom:audio-decoder-ogg-vorbis: bf7c407c2cedff20999df2af8eb42d56 -> 
  custom:audio-encoder-webm-vorbis: bf7c407c2cedff20999df2af8eb42d56 -> 
Editor requested this worker to shutdown with reason: Scaling down because of idle timeout
TcpMessagingSession - receive error: operation aborted. errorcode: 995, details: The I/O operation has been aborted because of either a thread exit or an application request.
AssetImportWorker is now disconnected from the server
Process exiting
Exiting without the bug reporter. Application will terminate with return code 0